2021-07-07 09:32:30.496  INFO 15472 --- [restartedMain] b.c.h.o.OnboardExperienceApplication     : Starting OnboardExperienceApplication using Java 15.0.1 on DESKTOP-6SSRUJL with PID 15472 (C:\Users\Jalex\Desktop\Workspace\Harvest\onboard-exp-api\target\classes started by Jalex in C:\Users\Jalex\Desktop\Workspace\Harvest\onboard-exp-api)
2021-07-07 09:32:30.497  INFO 15472 --- [restartedMain] b.c.h.o.OnboardExperienceApplication     : No active profile set, falling back to default profiles: dev
2021-07-07 09:32:30.740  INFO 15472 --- [restartedMain] .s.d.r.c.RepositoryConfigurationDelegate : Bootstrapping Spring Data JPA repositories in DEFAULT mode.
2021-07-07 09:32:30.745  INFO 15472 --- [restartedMain] .s.d.r.c.RepositoryConfigurationDelegate : Finished Spring Data repository scanning in 4 ms. Found 0 JPA repository interfaces.
2021-07-07 09:32:30.877  INFO 15472 --- [restartedMain] o.s.b.w.embedded.tomcat.TomcatWebServer  : Tomcat initialized with port(s): 8080 (http)
2021-07-07 09:32:30.878  INFO 15472 --- [restartedMain] o.apache.catalina.core.StandardService   : Starting service [Tomcat]
2021-07-07 09:32:30.878  INFO 15472 --- [restartedMain] org.apache.catalina.core.StandardEngine  : Starting Servlet engine: [Apache Tomcat/9.0.46]
2021-07-07 09:32:30.908  INFO 15472 --- [restartedMain] o.a.c.c.C.[Tomcat].[localhost].[/api]    : Initializing Spring embedded WebApplicationContext
2021-07-07 09:32:30.908  INFO 15472 --- [restartedMain] w.s.c.ServletWebServerApplicationContext : Root WebApplicationContext: initialization completed in 408 ms
2021-07-07 09:32:30.951  INFO 15472 --- [restartedMain] o.f.c.internal.license.VersionPrinter    : Flyway Community Edition 7.7.3 by Redgate
2021-07-07 09:32:30.952 ERROR 15472 --- [restartedMain] o.f.c.i.s.classpath.ClassPathScanner     : Unable to resolve location classpath:db/load.
2021-07-07 09:32:30.953  INFO 15472 --- [restartedMain] com.zaxxer.hikari.HikariDataSource       : HikariPool-2 - Starting...
2021-07-07 09:32:30.968  INFO 15472 --- [restartedMain] com.zaxxer.hikari.HikariDataSource       : HikariPool-2 - Start completed.
2021-07-07 09:32:30.971  INFO 15472 --- [restartedMain] o.f.c.i.database.base.DatabaseType       : Database: jdbc:postgresql://localhost:5432/onboardexp (PostgreSQL 12.3)
2021-07-07 09:32:30.997  INFO 15472 --- [restartedMain] o.f.core.internal.command.DbValidate     : Successfully validated 1 migration (execution time 00:00.008s)
2021-07-07 09:32:31.007  INFO 15472 --- [restartedMain] o.f.core.internal.command.DbMigrate      : Current version of schema "public": 1
2021-07-07 09:32:31.008  WARN 15472 --- [restartedMain] o.f.core.internal.command.DbMigrate      : outOfOrder mode is active. Migration of schema "public" may not be reproducible.
2021-07-07 09:32:31.010  INFO 15472 --- [restartedMain] o.f.core.internal.command.DbMigrate      : Schema "public" is up to date. No migration necessary.
2021-07-07 09:32:31.031  INFO 15472 --- [restartedMain] o.hibernate.jpa.internal.util.LogHelper  : HHH000204: Processing PersistenceUnitInfo [name: default]
2021-07-07 09:32:31.037  INFO 15472 --- [restartedMain] org.hibernate.dialect.Dialect            : HHH000400: Using dialect: org.hibernate.dialect.PostgreSQL10Dialect
2021-07-07 09:32:31.082  INFO 15472 --- [restartedMain] org.hibernate.tuple.PojoInstantiator     : HHH000182: No default (no-argument) constructor for class: br.com.harvest.onboardexperience.domain.entity.User (class must be instantiated by Interceptor)
2021-07-07 09:32:31.099  INFO 15472 --- [restartedMain] o.h.e.t.j.p.i.JtaPlatformInitiator       : HHH000490: Using JtaPlatform implementation: [org.hibernate.engine.transaction.jta.platform.internal.NoJtaPlatform]
2021-07-07 09:32:31.100  INFO 15472 --- [restartedMain] j.LocalContainerEntityManagerFactoryBean : Initialized JPA EntityManagerFactory for persistence unit 'default'
2021-07-07 09:32:31.183  WARN 15472 --- [restartedMain] JpaBaseConfiguration$JpaWebConfiguration : spring.jpa.open-in-view is enabled by default. Therefore, database queries may be performed during view rendering. Explicitly configure spring.jpa.open-in-view to disable this warning
2021-07-07 09:32:31.579  INFO 15472 --- [restartedMain] .s.s.UserDetailsServiceAutoConfiguration : 

Using generated security password: 82cb1477-a0a5-458c-84ec-074a2f449e40

2021-07-07 09:32:31.593  INFO 15472 --- [restartedMain] o.s.s.web.DefaultSecurityFilterChain     : Will secure any request with [org.springframework.security.web.context.request.async.WebAsyncManagerIntegrationFilter@2e22c821, org.springframework.security.web.context.SecurityContextPersistenceFilter@69df5918, org.springframework.security.web.header.HeaderWriterFilter@376bfcf2, org.springframework.security.web.csrf.CsrfFilter@26753d3a, org.springframework.security.web.authentication.logout.LogoutFilter@27ec44eb, org.springframework.security.web.authentication.UsernamePasswordAuthenticationFilter@1dbae9b2, org.springframework.security.web.authentication.ui.DefaultLoginPageGeneratingFilter@42a50d80, org.springframework.security.web.authentication.ui.DefaultLogoutPageGeneratingFilter@58b4c810, org.springframework.security.web.authentication.www.BasicAuthenticationFilter@2c18dff8, org.springframework.security.web.savedrequest.RequestCacheAwareFilter@5be7c967, org.springframework.security.web.servletapi.SecurityContextHolderAwareRequestFilter@33833285, org.springframework.security.web.authentication.AnonymousAuthenticationFilter@12094dcd, org.springframework.security.web.session.SessionManagementFilter@664c3406, org.springframework.security.web.access.ExceptionTranslationFilter@16f49fc3, org.springframework.security.web.access.intercept.FilterSecurityInterceptor@35c86510]
2021-07-07 09:32:31.607  INFO 15472 --- [restartedMain] o.s.b.d.a.OptionalLiveReloadServer       : LiveReload server is running on port 35729
2021-07-07 09:32:31.622  INFO 15472 --- [restartedMain] o.s.b.w.embedded.tomcat.TomcatWebServer  : Tomcat started on port(s): 8080 (http) with context path '/api'
2021-07-07 09:32:31.636  INFO 15472 --- [restartedMain] b.c.h.o.OnboardExperienceApplication     : Started OnboardExperienceApplication in 1.177 seconds (JVM running for 66.894)
2021-07-07 09:32:31.640  INFO 15472 --- [restartedMain] .ConditionEvaluationDeltaLoggingListener : Condition evaluation unchanged
2021-07-07 09:32:31.641  INFO 15472 --- [restartedMain] b.c.h.o.OnboardExperienceApplication     : Info log
2021-07-07 09:32:31.641  WARN 15472 --- [restartedMain] b.c.h.o.OnboardExperienceApplication     : Hey, This is a warning!
2021-07-07 09:32:31.641 ERROR 15472 --- [restartedMain] b.c.h.o.OnboardExperienceApplication     : Oops! We have an Error. OK
2021-07-07 09:32:32.032  INFO 15472 --- [RMI TCP Connection(10)-127.0.0.1] inMXBeanRegistrar$SpringApplicationAdmin : Application shutdown requested.
2021-07-07 09:32:32.057  INFO 15472 --- [RMI TCP Connection(10)-127.0.0.1] j.LocalContainerEntityManagerFactoryBean : Closing JPA EntityManagerFactory for persistence unit 'default'
2021-07-07 09:32:32.058  INFO 15472 --- [RMI TCP Connection(10)-127.0.0.1] com.zaxxer.hikari.HikariDataSource       : HikariPool-2 - Shutdown initiated...
2021-07-07 09:32:32.062  INFO 15472 --- [RMI TCP Connection(10)-127.0.0.1] com.zaxxer.hikari.HikariDataSource       : HikariPool-2 - Shutdown completed.
2021-07-07 09:32:43.115  INFO 25636 --- [restartedMain] b.c.h.o.OnboardExperienceApplication     : Starting OnboardExperienceApplication using Java 15.0.1 on DESKTOP-6SSRUJL with PID 25636 (C:\Users\Jalex\Desktop\Workspace\Harvest\onboard-exp-api\target\classes started by Jalex in C:\Users\Jalex\Desktop\Workspace\Harvest\onboard-exp-api)
2021-07-07 09:32:43.120  INFO 25636 --- [restartedMain] b.c.h.o.OnboardExperienceApplication     : No active profile set, falling back to default profiles: dev
2021-07-07 09:32:43.166  INFO 25636 --- [restartedMain] .e.DevToolsPropertyDefaultsPostProcessor : Devtools property defaults active! Set 'spring.devtools.add-properties' to 'false' to disable
2021-07-07 09:32:43.166  INFO 25636 --- [restartedMain] .e.DevToolsPropertyDefaultsPostProcessor : For additional web related logging consider setting the 'logging.level.web' property to 'DEBUG'
2021-07-07 09:32:43.896  INFO 25636 --- [restartedMain] .s.d.r.c.RepositoryConfigurationDelegate : Bootstrapping Spring Data JPA repositories in DEFAULT mode.
2021-07-07 09:32:43.912  INFO 25636 --- [restartedMain] .s.d.r.c.RepositoryConfigurationDelegate : Finished Spring Data repository scanning in 7 ms. Found 0 JPA repository interfaces.
2021-07-07 09:32:44.486  INFO 25636 --- [restartedMain] o.s.b.w.embedded.tomcat.TomcatWebServer  : Tomcat initialized with port(s): 8080 (http)
2021-07-07 09:32:44.497  INFO 25636 --- [restartedMain] o.apache.catalina.core.StandardService   : Starting service [Tomcat]
2021-07-07 09:32:44.498  INFO 25636 --- [restartedMain] org.apache.catalina.core.StandardEngine  : Starting Servlet engine: [Apache Tomcat/9.0.46]
2021-07-07 09:32:44.607  INFO 25636 --- [restartedMain] o.a.c.c.C.[Tomcat].[localhost].[/api]    : Initializing Spring embedded WebApplicationContext
2021-07-07 09:32:44.608  INFO 25636 --- [restartedMain] w.s.c.ServletWebServerApplicationContext : Root WebApplicationContext: initialization completed in 1441 ms
2021-07-07 09:32:44.722  INFO 25636 --- [restartedMain] o.f.c.internal.license.VersionPrinter    : Flyway Community Edition 7.7.3 by Redgate
2021-07-07 09:32:44.725 ERROR 25636 --- [restartedMain] o.f.c.i.s.classpath.ClassPathScanner     : Unable to resolve location classpath:db/load.
2021-07-07 09:32:44.729  INFO 25636 --- [restartedMain] com.zaxxer.hikari.HikariDataSource       : HikariPool-1 - Starting...
2021-07-07 09:32:44.822  INFO 25636 --- [restartedMain] com.zaxxer.hikari.HikariDataSource       : HikariPool-1 - Start completed.
2021-07-07 09:32:44.861  INFO 25636 --- [restartedMain] o.f.c.i.database.base.DatabaseType       : Database: jdbc:postgresql://localhost:5432/onboardexp (PostgreSQL 12.3)
2021-07-07 09:32:44.914  INFO 25636 --- [restartedMain] o.f.core.internal.command.DbValidate     : Successfully validated 1 migration (execution time 00:00.024s)
2021-07-07 09:32:44.929  INFO 25636 --- [restartedMain] o.f.core.internal.command.DbMigrate      : Current version of schema "public": 1
2021-07-07 09:32:44.930  WARN 25636 --- [restartedMain] o.f.core.internal.command.DbMigrate      : outOfOrder mode is active. Migration of schema "public" may not be reproducible.
2021-07-07 09:32:44.931  INFO 25636 --- [restartedMain] o.f.core.internal.command.DbMigrate      : Schema "public" is up to date. No migration necessary.
2021-07-07 09:32:45.042  INFO 25636 --- [restartedMain] o.hibernate.jpa.internal.util.LogHelper  : HHH000204: Processing PersistenceUnitInfo [name: default]
2021-07-07 09:32:45.090  INFO 25636 --- [restartedMain] org.hibernate.Version                    : HHH000412: Hibernate ORM core version 5.4.32.Final
2021-07-07 09:32:45.226  INFO 25636 --- [restartedMain] o.hibernate.annotations.common.Version   : HCANN000001: Hibernate Commons Annotations {5.1.2.Final}
2021-07-07 09:32:45.338  INFO 25636 --- [restartedMain] org.hibernate.dialect.Dialect            : HHH000400: Using dialect: org.hibernate.dialect.PostgreSQL10Dialect
2021-07-07 09:32:45.674  INFO 25636 --- [restartedMain] org.hibernate.tuple.PojoInstantiator     : HHH000182: No default (no-argument) constructor for class: br.com.harvest.onboardexperience.domain.entity.User (class must be instantiated by Interceptor)
2021-07-07 09:32:45.934  INFO 25636 --- [restartedMain] o.h.e.t.j.p.i.JtaPlatformInitiator       : HHH000490: Using JtaPlatform implementation: [org.hibernate.engine.transaction.jta.platform.internal.NoJtaPlatform]
2021-07-07 09:32:45.943  INFO 25636 --- [restartedMain] j.LocalContainerEntityManagerFactoryBean : Initialized JPA EntityManagerFactory for persistence unit 'default'
2021-07-07 09:32:46.108  WARN 25636 --- [restartedMain] JpaBaseConfiguration$JpaWebConfiguration : spring.jpa.open-in-view is enabled by default. Therefore, database queries may be performed during view rendering. Explicitly configure spring.jpa.open-in-view to disable this warning
2021-07-07 09:32:46.827  INFO 25636 --- [restartedMain] .s.s.UserDetailsServiceAutoConfiguration : 

Using generated security password: 11d17d4c-6efc-41a4-bafb-f73dac74860a

2021-07-07 09:32:46.923  INFO 25636 --- [restartedMain] o.s.s.web.DefaultSecurityFilterChain     : Will secure any request with [org.springframework.security.web.context.request.async.WebAsyncManagerIntegrationFilter@532e2251, org.springframework.security.web.context.SecurityContextPersistenceFilter@6e9c2800, org.springframework.security.web.header.HeaderWriterFilter@649aa380, org.springframework.security.web.csrf.CsrfFilter@320f69fa, org.springframework.security.web.authentication.logout.LogoutFilter@2abd76dc, org.springframework.security.web.authentication.UsernamePasswordAuthenticationFilter@28cfa38c, org.springframework.security.web.authentication.ui.DefaultLoginPageGeneratingFilter@5b2993cc, org.springframework.security.web.authentication.ui.DefaultLogoutPageGeneratingFilter@3f2ec474, org.springframework.security.web.authentication.www.BasicAuthenticationFilter@78531663, org.springframework.security.web.savedrequest.RequestCacheAwareFilter@14ed657b, org.springframework.security.web.servletapi.SecurityContextHolderAwareRequestFilter@1d187e43, org.springframework.security.web.authentication.AnonymousAuthenticationFilter@5f2e2dfc, org.springframework.security.web.session.SessionManagementFilter@5fd30b8a, org.springframework.security.web.access.ExceptionTranslationFilter@63101611, org.springframework.security.web.access.intercept.FilterSecurityInterceptor@14ce0c3]
2021-07-07 09:32:46.972  INFO 25636 --- [restartedMain] o.s.b.d.a.OptionalLiveReloadServer       : LiveReload server is running on port 35729
2021-07-07 09:32:47.018  INFO 25636 --- [restartedMain] o.s.b.w.embedded.tomcat.TomcatWebServer  : Tomcat started on port(s): 8080 (http) with context path '/api'
2021-07-07 09:32:47.028  INFO 25636 --- [restartedMain] b.c.h.o.OnboardExperienceApplication     : Started OnboardExperienceApplication in 4.296 seconds (JVM running for 5.225)
2021-07-07 09:32:47.031  INFO 25636 --- [restartedMain] b.c.h.o.OnboardExperienceApplication     : Info log
2021-07-07 09:32:47.032  WARN 25636 --- [restartedMain] b.c.h.o.OnboardExperienceApplication     : Hey, This is a warning!
2021-07-07 09:32:47.032 ERROR 25636 --- [restartedMain] b.c.h.o.OnboardExperienceApplication     : Oops! We have an Error. OK
2021-07-07 09:33:36.508  INFO 25636 --- [RMI TCP Connection(9)-127.0.0.1] inMXBeanRegistrar$SpringApplicationAdmin : Application shutdown requested.
2021-07-07 09:33:36.537  INFO 25636 --- [RMI TCP Connection(9)-127.0.0.1] j.LocalContainerEntityManagerFactoryBean : Closing JPA EntityManagerFactory for persistence unit 'default'
2021-07-07 09:33:36.540  INFO 25636 --- [RMI TCP Connection(9)-127.0.0.1] com.zaxxer.hikari.HikariDataSource       : HikariPool-1 - Shutdown initiated...
2021-07-07 09:33:36.546  INFO 25636 --- [RMI TCP Connection(9)-127.0.0.1] com.zaxxer.hikari.HikariDataSource       : HikariPool-1 - Shutdown completed.
